[0.156s] Invoking command in '/home/pi/TrailerMate/build/car_control': CMAKE_PREFIX_PATH=${CMAKE_PREFIX_PATH}:/home/pi/ros2_ws/install/obs_detect:/opt/ros/humble /usr/bin/cmake /home/pi/TrailerMate/raspberryPI3/ros2_ws/src/car_control -DCMAKE_INSTALL_PREFIX=/home/pi/TrailerMate/install/car_control
[1.435s] -- The C compiler identification is GNU 11.4.0
[2.819s] -- The CXX compiler identification is GNU 11.4.0
[2.902s] -- Detecting C compiler ABI info
[3.742s] -- Detecting C compiler ABI info - done
[3.816s] -- Check for working C compiler: /usr/bin/cc - skipped
[3.820s] -- Detecting C compile features
[3.826s] -- Detecting C compile features - done
[3.864s] -- Detecting CXX compiler ABI info
[4.773s] -- Detecting CXX compiler ABI info - done
[4.798s] -- Check for working CXX compiler: /usr/bin/c++ - skipped
[4.799s] -- Detecting CXX compile features
[4.801s] -- Detecting CXX compile features - done
[4.838s] -- Found ament_cmake: 1.3.2 (/opt/ros/humble/share/ament_cmake/cmake)
[6.888s] -- Found Python3: /usr/bin/python3.10 (found version "3.10.12") found components: Interpreter 
[8.925s] -- Found rclcpp: 16.0.1 (/opt/ros/humble/share/rclcpp/cmake)
[9.491s] -- Found rosidl_generator_c: 3.1.3 (/opt/ros/humble/share/rosidl_generator_c/cmake)
[9.561s] -- Found rosidl_adapter: 3.1.3 (/opt/ros/humble/share/rosidl_adapter/cmake)
[9.644s] -- Found rosidl_generator_cpp: 3.1.3 (/opt/ros/humble/share/rosidl_generator_cpp/cmake)
[9.749s] -- Using all available rosidl_typesupport_c: rosidl_typesupport_fastrtps_c;rosidl_typesupport_introspection_c
[9.941s] -- Using all available rosidl_typesupport_cpp: rosidl_typesupport_fastrtps_cpp;rosidl_typesupport_introspection_cpp
[11.268s] -- Found rmw_implementation_cmake: 6.1.0 (/opt/ros/humble/share/rmw_implementation_cmake/cmake)
[11.375s] -- Found rmw_fastrtps_cpp: 6.2.1 (/opt/ros/humble/share/rmw_fastrtps_cpp/cmake)
[12.871s] -- Found OpenSSL: /usr/lib/aarch64-linux-gnu/libcrypto.so (found version "3.0.2")  
[13.086s] -- Found FastRTPS: /opt/ros/humble/include  
[14.020s] -- Using RMW implementation 'rmw_fastrtps_cpp' as default
[15.906s] -- Found interfaces: 0.0.0 (/home/pi/ros2_ws/install/interfaces/share/interfaces/cmake)
[16.188s] -- Found sensor_msgs: 4.2.2 (/opt/ros/humble/share/sensor_msgs/cmake)
[17.577s] -- Found std_srvs: 4.2.2 (/opt/ros/humble/share/std_srvs/cmake)
[17.771s] -- Found ament_lint_auto: 0.12.4 (/opt/ros/humble/share/ament_lint_auto/cmake)
[19.206s] -- Added test 'cppcheck' to perform static code analysis on C / C++ code
[19.207s] -- Configured cppcheck include dirs: $<BUILD_INTERFACE:/home/pi/TrailerMate/raspberryPI3/ros2_ws/src/car_control/include>
[19.209s] -- Configured cppcheck exclude dirs and/or files: 
[19.226s] -- Added test 'lint_cmake' to check CMake code style
[19.259s] -- Added test 'uncrustify' to check C / C++ code style
[19.260s] -- Configured uncrustify additional arguments: 
[19.272s] -- Added test 'xmllint' to check XML markup files
[19.304s] -- Configuring done
[19.479s] -- Generating done
[19.497s] -- Build files have been written to: /home/pi/TrailerMate/build/car_control
[19.566s] Invoked command in '/home/pi/TrailerMate/build/car_control' returned '0': CMAKE_PREFIX_PATH=${CMAKE_PREFIX_PATH}:/home/pi/ros2_ws/install/obs_detect:/opt/ros/humble /usr/bin/cmake /home/pi/TrailerMate/raspberryPI3/ros2_ws/src/car_control -DCMAKE_INSTALL_PREFIX=/home/pi/TrailerMate/install/car_control
[19.582s] Invoking command in '/home/pi/TrailerMate/build/car_control': CMAKE_PREFIX_PATH=${CMAKE_PREFIX_PATH}:/home/pi/ros2_ws/install/obs_detect:/opt/ros/humble /usr/bin/cmake --build /home/pi/TrailerMate/build/car_control -- -j4 -l4
[19.871s] -- Found ament_cmake: 1.3.2 (/opt/ros/humble/share/ament_cmake/cmake)
[20.584s] -- Found rclcpp: 16.0.1 (/opt/ros/humble/share/rclcpp/cmake)
[20.955s] -- Found rosidl_generator_c: 3.1.3 (/opt/ros/humble/share/rosidl_generator_c/cmake)
[20.985s] -- Found rosidl_adapter: 3.1.3 (/opt/ros/humble/share/rosidl_adapter/cmake)
[21.053s] -- Found rosidl_generator_cpp: 3.1.3 (/opt/ros/humble/share/rosidl_generator_cpp/cmake)
[21.182s] -- Using all available rosidl_typesupport_c: rosidl_typesupport_fastrtps_c;rosidl_typesupport_introspection_c
[21.363s] -- Using all available rosidl_typesupport_cpp: rosidl_typesupport_fastrtps_cpp;rosidl_typesupport_introspection_cpp
[22.023s] -- Found rmw_implementation_cmake: 6.1.0 (/opt/ros/humble/share/rmw_implementation_cmake/cmake)
[22.043s] -- Found rmw_fastrtps_cpp: 6.2.1 (/opt/ros/humble/share/rmw_fastrtps_cpp/cmake)
[23.734s] -- Using RMW implementation 'rmw_fastrtps_cpp' as default
[24.996s] -- Found interfaces: 0.0.0 (/home/pi/ros2_ws/install/interfaces/share/interfaces/cmake)
[25.178s] -- Found sensor_msgs: 4.2.2 (/opt/ros/humble/share/sensor_msgs/cmake)
[26.498s] -- Found std_srvs: 4.2.2 (/opt/ros/humble/share/std_srvs/cmake)
[26.706s] -- Found ament_lint_auto: 0.12.4 (/opt/ros/humble/share/ament_lint_auto/cmake)
[27.200s] -- Added test 'cppcheck' to perform static code analysis on C / C++ code
[27.201s] -- Configured cppcheck include dirs: $<BUILD_INTERFACE:/home/pi/TrailerMate/raspberryPI3/ros2_ws/src/car_control/include>
[27.201s] -- Configured cppcheck exclude dirs and/or files: 
[27.205s] -- Added test 'lint_cmake' to check CMake code style
[27.213s] -- Added test 'uncrustify' to check C / C++ code style
[27.214s] -- Configured uncrustify additional arguments: 
[27.215s] -- Added test 'xmllint' to check XML markup files
[27.220s] -- Configuring done
[27.280s] -- Generating done
[27.289s] -- Build files have been written to: /home/pi/TrailerMate/build/car_control
[27.415s] gmake[2]: Warning: File '/home/pi/TrailerMate/raspberryPI3/ros2_ws/src/car_control/src/steeringCmd.cpp' has modification time 22306346 s in the future
[27.485s] [ 25%] [32mBuilding CXX object CMakeFiles/car_control_node.dir/src/car_control_node.cpp.o[0m
[27.494s] [ 50%] [32mBuilding CXX object CMakeFiles/car_control_node.dir/src/steeringCmd.cpp.o[0m
[27.504s] [ 75%] [32mBuilding CXX object CMakeFiles/car_control_node.dir/src/propulsionCmd.cpp.o[0m
[31.751s] [01m[K/home/pi/TrailerMate/raspberryPI3/ros2_ws/src/car_control/src/car_control_node.cpp:16:10:[m[K [01;31m[Kfatal error: [m[K../include/car_control/control_loop.h: No such file or directory
[31.751s]    16 | #include [01;31m[K"../include/car_control/control_loop.h"[m[K
[31.752s]       |          [01;31m[K^~~~~~~~~~~~~~~~~~~~~~~~~~~~~~~~~~~~~~~[m[K
[31.752s] compilation terminated.
[31.760s] gmake[2]: *** [CMakeFiles/car_control_node.dir/build.make:76: CMakeFiles/car_control_node.dir/src/car_control_node.cpp.o] Error 1
[31.761s] gmake[1]: *** [CMakeFiles/Makefile2:137: CMakeFiles/car_control_node.dir/all] Error 2
[31.761s] gmake: *** [Makefile:146: all] Error 2
[31.768s] Invoked command in '/home/pi/TrailerMate/build/car_control' returned '2': CMAKE_PREFIX_PATH=${CMAKE_PREFIX_PATH}:/home/pi/ros2_ws/install/obs_detect:/opt/ros/humble /usr/bin/cmake --build /home/pi/TrailerMate/build/car_control -- -j4 -l4
