[0.168s] Invoking command in '/home/pi/TrailerMate/build/car_control': CMAKE_PREFIX_PATH=${CMAKE_PREFIX_PATH}:/home/pi/ros2_ws/install/obs_detect:/opt/ros/humble /usr/bin/cmake --build /home/pi/TrailerMate/build/car_control -- -j4 -l4
[0.475s] -- Found ament_cmake: 1.3.2 (/opt/ros/humble/share/ament_cmake/cmake)
[1.555s] -- Found rclcpp: 16.0.1 (/opt/ros/humble/share/rclcpp/cmake)
[1.721s] -- Found rosidl_generator_c: 3.1.3 (/opt/ros/humble/share/rosidl_generator_c/cmake)
[1.731s] -- Found rosidl_adapter: 3.1.3 (/opt/ros/humble/share/rosidl_adapter/cmake)
[1.755s] -- Found rosidl_generator_cpp: 3.1.3 (/opt/ros/humble/share/rosidl_generator_cpp/cmake)
[1.799s] -- Using all available rosidl_typesupport_c: rosidl_typesupport_fastrtps_c;rosidl_typesupport_introspection_c
[1.862s] -- Using all available rosidl_typesupport_cpp: rosidl_typesupport_fastrtps_cpp;rosidl_typesupport_introspection_cpp
[2.243s] -- Found rmw_implementation_cmake: 6.1.0 (/opt/ros/humble/share/rmw_implementation_cmake/cmake)
[2.263s] -- Found rmw_fastrtps_cpp: 6.2.1 (/opt/ros/humble/share/rmw_fastrtps_cpp/cmake)
[4.581s] -- Using RMW implementation 'rmw_fastrtps_cpp' as default
[5.238s] -- Found interfaces: 0.0.0 (/home/pi/ros2_ws/install/interfaces/share/interfaces/cmake)
[5.422s] -- Found sensor_msgs: 4.2.2 (/opt/ros/humble/share/sensor_msgs/cmake)
[6.775s] -- Found std_srvs: 4.2.2 (/opt/ros/humble/share/std_srvs/cmake)
[6.992s] -- Found ament_lint_auto: 0.12.4 (/opt/ros/humble/share/ament_lint_auto/cmake)
[7.780s] -- Added test 'cppcheck' to perform static code analysis on C / C++ code
[7.781s] -- Configured cppcheck include dirs: $<BUILD_INTERFACE:/home/pi/TrailerMate/raspberryPI3/ros2_ws/src/car_control/include>
[7.782s] -- Configured cppcheck exclude dirs and/or files: 
[7.794s] -- Added test 'lint_cmake' to check CMake code style
[7.821s] -- Added test 'uncrustify' to check C / C++ code style
[7.821s] -- Configured uncrustify additional arguments: 
[7.826s] -- Added test 'xmllint' to check XML markup files
[7.838s] -- Configuring done
[7.977s] -- Generating done
[7.986s] -- Build files have been written to: /home/pi/TrailerMate/build/car_control
[8.206s] [35m[1mConsolidate compiler generated dependencies of target car_control_node[0m
[8.256s] gmake[2]: Warning: File '/home/pi/TrailerMate/raspberryPI3/ros2_ws/src/car_control/src/steeringCmd.cpp' has modification time 22306174 s in the future
[8.341s] [ 25%] [32mBuilding CXX object CMakeFiles/car_control_node.dir/src/car_control_node.cpp.o[0m
[8.354s] [ 50%] [32mBuilding CXX object CMakeFiles/car_control_node.dir/src/steeringCmd.cpp.o[0m
[8.360s] [ 75%] [32mBuilding CXX object CMakeFiles/car_control_node.dir/src/propulsionCmd.cpp.o[0m
[29.427s] [01m[K/home/pi/TrailerMate/raspberryPI3/ros2_ws/src/car_control/src/car_control_node.cpp:266:5:[m[K [01;31m[Kerror: [m[Kâ€˜[01m[Kcout[m[Kâ€™ does not name a type
[29.428s]   266 |     [01;31m[Kcout[m[K << "test 2" << endl;
[29.429s]       |     [01;31m[K^~~~[m[K
[69.663s] gmake[2]: *** [CMakeFiles/car_control_node.dir/build.make:76: CMakeFiles/car_control_node.dir/src/car_control_node.cpp.o] Error 1
[69.665s] gmake[1]: *** [CMakeFiles/Makefile2:137: CMakeFiles/car_control_node.dir/all] Error 2
[69.667s] gmake: *** [Makefile:146: all] Error 2
[69.681s] Invoked command in '/home/pi/TrailerMate/build/car_control' returned '2': CMAKE_PREFIX_PATH=${CMAKE_PREFIX_PATH}:/home/pi/ros2_ws/install/obs_detect:/opt/ros/humble /usr/bin/cmake --build /home/pi/TrailerMate/build/car_control -- -j4 -l4
